c:\users\omar salama\desktop\resturant_delivery-master\debug\vc141.pdb
c:\users\omar salama\desktop\resturant_delivery-master\debug\vc141.idb
c:\users\omar salama\desktop\resturant_delivery-master\debug\restaurant.obj
c:\users\omar salama\desktop\resturant_delivery-master\debug\order.obj
c:\users\omar salama\desktop\resturant_delivery-master\debug\motorcycle.obj
c:\users\omar salama\desktop\resturant_delivery-master\debug\promotionevent.obj
c:\users\omar salama\desktop\resturant_delivery-master\debug\gui.obj
c:\users\omar salama\desktop\resturant_delivery-master\debug\arrivalevent.obj
c:\users\omar salama\desktop\resturant_delivery-master\debug\event.obj
c:\users\omar salama\desktop\resturant_delivery-master\debug\cancellationevent.obj
c:\users\omar salama\desktop\resturant_delivery-master\debug\demo_main.obj
c:\users\omar salama\desktop\resturant_delivery-master\debug\windowinput.obj
c:\users\omar salama\desktop\resturant_delivery-master\debug\mousequeue.obj
c:\users\omar salama\desktop\resturant_delivery-master\debug\keyqueue.obj
c:\users\omar salama\desktop\resturant_delivery-master\debug\image.obj
c:\users\omar salama\desktop\resturant_delivery-master\debug\colors.obj
c:\users\omar salama\desktop\resturant_delivery-master\debug\cmugraphics.obj
c:\users\omar salama\desktop\resturant_delivery-master\debug\jerror.obj
c:\users\omar salama\desktop\resturant_delivery-master\debug\jdtrans.obj
c:\users\omar salama\desktop\resturant_delivery-master\debug\jdsample.obj
c:\users\omar salama\desktop\resturant_delivery-master\debug\jdpostct.obj
c:\users\omar salama\desktop\resturant_delivery-master\debug\jdphuff.obj
c:\users\omar salama\desktop\resturant_delivery-master\debug\jdmerge.obj
c:\users\omar salama\desktop\resturant_delivery-master\debug\jdmaster.obj
c:\users\omar salama\desktop\resturant_delivery-master\debug\jdmarker.obj
c:\users\omar salama\desktop\resturant_delivery-master\debug\jdmainct.obj
c:\users\omar salama\desktop\resturant_delivery-master\debug\jdinput.obj
c:\users\omar salama\desktop\resturant_delivery-master\debug\jdhuff.obj
c:\users\omar salama\desktop\resturant_delivery-master\debug\jddctmgr.obj
c:\users\omar salama\desktop\resturant_delivery-master\debug\jdcolor.obj
c:\users\omar salama\desktop\resturant_delivery-master\debug\jdcoefct.obj
c:\users\omar salama\desktop\resturant_delivery-master\debug\jdatasrc.obj
c:\users\omar salama\desktop\resturant_delivery-master\debug\jdapistd.obj
c:\users\omar salama\desktop\resturant_delivery-master\debug\jdapimin.obj
c:\users\omar salama\desktop\resturant_delivery-master\debug\jcparam.obj
c:\users\omar salama\desktop\resturant_delivery-master\debug\jcomapi.obj
c:\users\omar salama\desktop\resturant_delivery-master\debug\jpegload.obj
c:\users\omar salama\desktop\resturant_delivery-master\debug\jutils.obj
c:\users\omar salama\desktop\resturant_delivery-master\debug\jquant2.obj
c:\users\omar salama\desktop\resturant_delivery-master\debug\jquant1.obj
c:\users\omar salama\desktop\resturant_delivery-master\debug\jmemnobs.obj
c:\users\omar salama\desktop\resturant_delivery-master\debug\jmemmgr.obj
c:\users\omar salama\desktop\resturant_delivery-master\debug\jidctred.obj
c:\users\omar salama\desktop\resturant_delivery-master\debug\jidctint.obj
c:\users\omar salama\desktop\resturant_delivery-master\debug\jidctfst.obj
c:\users\omar salama\desktop\resturant_delivery-master\debug\jidctflt.obj
c:\users\omar salama\desktop\resturant_delivery-master\debug\restaurant.pdb
c:\users\omar salama\desktop\resturant_delivery-master\debug\restaurant.tlog\cl.command.1.tlog
c:\users\omar salama\desktop\resturant_delivery-master\debug\restaurant.tlog\cl.read.1.tlog
c:\users\omar salama\desktop\resturant_delivery-master\debug\restaurant.tlog\cl.write.1.tlog
c:\users\omar salama\desktop\resturant_delivery-master\debug\restaurant.tlog\link-cvtres.read.1.tlog
c:\users\omar salama\desktop\resturant_delivery-master\debug\restaurant.tlog\link-cvtres.write.1.tlog
c:\users\omar salama\desktop\resturant_delivery-master\debug\restaurant.tlog\link-rc.read.1.tlog
c:\users\omar salama\desktop\resturant_delivery-master\debug\restaurant.tlog\link-rc.write.1.tlog
c:\users\omar salama\desktop\resturant_delivery-master\debug\restaurant.tlog\link.command.1.tlog
c:\users\omar salama\desktop\resturant_delivery-master\debug\restaurant.tlog\link.read.1.tlog
c:\users\omar salama\desktop\resturant_delivery-master\debug\restaurant.tlog\link.write.1.tlog
